2023-06-28 23:48:09,027 p=42051 u=hstoykova n=ansible | PLAY [Build a SecureTransport 2 x 2 EC] ***************************************************************************************************************
2023-06-28 23:48:09,046 p=42051 u=hstoykova n=ansible | TASK [Gathering Facts ] *******************************************************************************************************************************
2023-06-28 23:48:09,046 p=42051 u=hstoykova n=ansible | Wednesday 28 June 2023  23:48:09 -0700 (0:00:00.022)       0:00:00.022 ******** 
2023-06-28 23:48:09,046 p=42051 u=hstoykova n=ansible | Wednesday 28 June 2023  23:48:09 -0700 (0:00:00.022)       0:00:00.022 ******** 
2023-06-28 23:48:18,042 p=42051 u=hstoykova n=ansible | ok: [edge_primary]
2023-06-28 23:48:18,148 p=42051 u=hstoykova n=ansible | ok: [core_secondary]
2023-06-28 23:48:18,348 p=42051 u=hstoykova n=ansible | ok: [core_primary]
2023-06-28 23:48:18,352 p=42051 u=hstoykova n=ansible | ok: [postgres_db]
2023-06-28 23:48:18,355 p=42051 u=hstoykova n=ansible | ok: [nfs_storage]
2023-06-28 23:48:26,642 p=42051 u=hstoykova n=ansible | ok: [edge_secondary]
2023-06-28 23:48:26,655 p=42051 u=hstoykova n=ansible | TASK [Store the hostname of each node as a variable node_hostname={{ hostvars[inventory_hostname]['ansible_fqdn'] }}] *********************************
2023-06-28 23:48:26,655 p=42051 u=hstoykova n=ansible | Wednesday 28 June 2023  23:48:26 -0700 (0:00:17.609)       0:00:17.632 ******** 
2023-06-28 23:48:26,655 p=42051 u=hstoykova n=ansible | Wednesday 28 June 2023  23:48:26 -0700 (0:00:17.609)       0:00:17.631 ******** 
2023-06-28 23:48:26,694 p=42051 u=hstoykova n=ansible | ok: [postgres_db]
2023-06-28 23:48:26,717 p=42051 u=hstoykova n=ansible | ok: [nfs_storage]
2023-06-28 23:48:26,741 p=42051 u=hstoykova n=ansible | ok: [core_primary]
2023-06-28 23:48:26,763 p=42051 u=hstoykova n=ansible | ok: [core_secondary]
2023-06-28 23:48:26,774 p=42051 u=hstoykova n=ansible | ok: [edge_primary]
2023-06-28 23:48:26,797 p=42051 u=hstoykova n=ansible | ok: [edge_secondary]
2023-06-28 23:48:26,810 p=42051 u=hstoykova n=ansible | TASK [Configure RHEL 8 repo src=files/RHELOS-8.repo, dest=/etc/yum.repos.d/RHELOS-8.repo, mode=0644] **************************************************
2023-06-28 23:48:26,810 p=42051 u=hstoykova n=ansible | Wednesday 28 June 2023  23:48:26 -0700 (0:00:00.155)       0:00:17.787 ******** 
2023-06-28 23:48:26,810 p=42051 u=hstoykova n=ansible | Wednesday 28 June 2023  23:48:26 -0700 (0:00:00.155)       0:00:17.786 ******** 
2023-06-28 23:48:34,295 p=42051 u=hstoykova n=ansible | ok: [edge_primary]
2023-06-28 23:48:34,351 p=42051 u=hstoykova n=ansible | ok: [postgres_db]
2023-06-28 23:48:34,379 p=42051 u=hstoykova n=ansible | ok: [nfs_storage]
2023-06-28 23:48:34,402 p=42051 u=hstoykova n=ansible | ok: [core_primary]
2023-06-28 23:48:34,906 p=42051 u=hstoykova n=ansible | ok: [core_secondary]
2023-06-28 23:48:41,379 p=42051 u=hstoykova n=ansible | ok: [edge_secondary]
2023-06-28 23:48:41,392 p=42051 u=hstoykova n=ansible | TASK [Print the task start msg=Starting to prepare the shared storage] ********************************************************************************
2023-06-28 23:48:41,392 p=42051 u=hstoykova n=ansible | Wednesday 28 June 2023  23:48:41 -0700 (0:00:14.581)       0:00:32.369 ******** 
2023-06-28 23:48:41,392 p=42051 u=hstoykova n=ansible | Wednesday 28 June 2023  23:48:41 -0700 (0:00:14.581)       0:00:32.368 ******** 
2023-06-28 23:48:41,438 p=42051 u=hstoykova n=ansible | ok: [postgres_db] => 
  msg: Starting to prepare the shared storage
2023-06-28 23:48:41,463 p=42051 u=hstoykova n=ansible | ok: [nfs_storage] => 
  msg: Starting to prepare the shared storage
2023-06-28 23:48:41,486 p=42051 u=hstoykova n=ansible | ok: [core_primary] => 
  msg: Starting to prepare the shared storage
2023-06-28 23:48:41,508 p=42051 u=hstoykova n=ansible | ok: [core_secondary] => 
  msg: Starting to prepare the shared storage
2023-06-28 23:48:41,509 p=42051 u=hstoykova n=ansible | ok: [edge_primary] => 
  msg: Starting to prepare the shared storage
2023-06-28 23:48:41,526 p=42051 u=hstoykova n=ansible | ok: [edge_secondary] => 
  msg: Starting to prepare the shared storage
2023-06-28 23:48:41,537 p=42051 u=hstoykova n=ansible | TASK [Install nfs-utils name=['nfs-utils', 'nfs4-acl-tools'], state=present, allow_downgrade=True] ****************************************************
2023-06-28 23:48:41,538 p=42051 u=hstoykova n=ansible | Wednesday 28 June 2023  23:48:41 -0700 (0:00:00.145)       0:00:32.514 ******** 
2023-06-28 23:48:41,538 p=42051 u=hstoykova n=ansible | Wednesday 28 June 2023  23:48:41 -0700 (0:00:00.145)       0:00:32.514 ******** 
2023-06-28 23:48:41,581 p=42051 u=hstoykova n=ansible | skipping: [postgres_db]
2023-06-28 23:48:41,622 p=42051 u=hstoykova n=ansible | skipping: [core_primary]
2023-06-28 23:48:41,648 p=42051 u=hstoykova n=ansible | skipping: [core_secondary]
2023-06-28 23:48:41,649 p=42051 u=hstoykova n=ansible | skipping: [edge_primary]
2023-06-28 23:48:41,664 p=42051 u=hstoykova n=ansible | skipping: [edge_secondary]
2023-06-28 23:48:50,546 p=42051 u=hstoykova n=ansible | ok: [nfs_storage]
2023-06-28 23:48:50,556 p=42051 u=hstoykova n=ansible | TASK [Create a mountable directory if it does not exist path={{ share }}, state=directory, owner=root, group=root, mode=0777] *************************
2023-06-28 23:48:50,556 p=42051 u=hstoykova n=ansible | Wednesday 28 June 2023  23:48:50 -0700 (0:00:09.018)       0:00:41.533 ******** 
2023-06-28 23:48:50,556 p=42051 u=hstoykova n=ansible | Wednesday 28 June 2023  23:48:50 -0700 (0:00:09.018)       0:00:41.532 ******** 
2023-06-28 23:48:50,595 p=42051 u=hstoykova n=ansible | skipping: [postgres_db]
2023-06-28 23:48:50,637 p=42051 u=hstoykova n=ansible | skipping: [core_primary]
2023-06-28 23:48:50,661 p=42051 u=hstoykova n=ansible | skipping: [core_secondary]
2023-06-28 23:48:50,662 p=42051 u=hstoykova n=ansible | skipping: [edge_primary]
2023-06-28 23:48:50,677 p=42051 u=hstoykova n=ansible | skipping: [edge_secondary]
2023-06-28 23:48:54,791 p=42051 u=hstoykova n=ansible | ok: [nfs_storage]
2023-06-28 23:48:54,801 p=42051 u=hstoykova n=ansible | TASK [Reload nfs _raw_params=exportfs -ra] ************************************************************************************************************
2023-06-28 23:48:54,801 p=42051 u=hstoykova n=ansible | Wednesday 28 June 2023  23:48:54 -0700 (0:00:04.245)       0:00:45.778 ******** 
2023-06-28 23:48:54,801 p=42051 u=hstoykova n=ansible | Wednesday 28 June 2023  23:48:54 -0700 (0:00:04.245)       0:00:45.777 ******** 
2023-06-28 23:48:54,842 p=42051 u=hstoykova n=ansible | skipping: [postgres_db]
2023-06-28 23:48:54,891 p=42051 u=hstoykova n=ansible | skipping: [core_primary]
2023-06-28 23:48:54,910 p=42051 u=hstoykova n=ansible | skipping: [core_secondary]
2023-06-28 23:48:54,913 p=42051 u=hstoykova n=ansible | skipping: [edge_primary]
2023-06-28 23:48:54,929 p=42051 u=hstoykova n=ansible | skipping: [edge_secondary]
2023-06-28 23:48:59,158 p=42051 u=hstoykova n=ansible | changed: [nfs_storage]
2023-06-28 23:48:59,170 p=42051 u=hstoykova n=ansible | TASK [Enable rpcbind  nfs name={{ item }}, enabled=True] **********************************************************************************************
2023-06-28 23:48:59,170 p=42051 u=hstoykova n=ansible | Wednesday 28 June 2023  23:48:59 -0700 (0:00:04.369)       0:00:50.147 ******** 
2023-06-28 23:48:59,171 p=42051 u=hstoykova n=ansible | Wednesday 28 June 2023  23:48:59 -0700 (0:00:04.369)       0:00:50.147 ******** 
2023-06-28 23:48:59,217 p=42051 u=hstoykova n=ansible | skipping: [postgres_db] => (item=rpcbind) 
2023-06-28 23:48:59,220 p=42051 u=hstoykova n=ansible | skipping: [postgres_db] => (item=nfs-server) 
2023-06-28 23:48:59,242 p=42051 u=hstoykova n=ansible | skipping: [postgres_db]
2023-06-28 23:48:59,247 p=42051 u=hstoykova n=ansible | skipping: [core_primary] => (item=rpcbind) 
2023-06-28 23:48:59,250 p=42051 u=hstoykova n=ansible | skipping: [core_primary] => (item=nfs-server) 
2023-06-28 23:48:59,270 p=42051 u=hstoykova n=ansible | skipping: [core_primary]
2023-06-28 23:48:59,278 p=42051 u=hstoykova n=ansible | skipping: [core_secondary] => (item=rpcbind) 
2023-06-28 23:48:59,281 p=42051 u=hstoykova n=ansible | skipping: [core_secondary] => (item=nfs-server) 
2023-06-28 23:48:59,298 p=42051 u=hstoykova n=ansible | skipping: [core_secondary]
2023-06-28 23:48:59,306 p=42051 u=hstoykova n=ansible | skipping: [edge_primary] => (item=rpcbind) 
2023-06-28 23:48:59,309 p=42051 u=hstoykova n=ansible | skipping: [edge_primary] => (item=nfs-server) 
2023-06-28 23:48:59,311 p=42051 u=hstoykova n=ansible | skipping: [edge_primary]
2023-06-28 23:48:59,331 p=42051 u=hstoykova n=ansible | skipping: [edge_secondary] => (item=rpcbind) 
2023-06-28 23:48:59,334 p=42051 u=hstoykova n=ansible | skipping: [edge_secondary] => (item=nfs-server) 
2023-06-28 23:48:59,336 p=42051 u=hstoykova n=ansible | skipping: [edge_secondary]
2023-06-28 23:49:04,097 p=42051 u=hstoykova n=ansible | ok: [nfs_storage] => (item=rpcbind)
2023-06-28 23:49:08,505 p=42051 u=hstoykova n=ansible | ok: [nfs_storage] => (item=nfs-server)
2023-06-28 23:49:08,520 p=42051 u=hstoykova n=ansible | TASK [Share in /etc/exports file path=/etc/exports, state=present, line={{ share }} {{ options }}] ****************************************************
2023-06-28 23:49:08,520 p=42051 u=hstoykova n=ansible | Wednesday 28 June 2023  23:49:08 -0700 (0:00:09.349)       0:00:59.497 ******** 
2023-06-28 23:49:08,520 p=42051 u=hstoykova n=ansible | Wednesday 28 June 2023  23:49:08 -0700 (0:00:09.349)       0:00:59.496 ******** 
2023-06-28 23:49:08,566 p=42051 u=hstoykova n=ansible | skipping: [postgres_db]
2023-06-28 23:49:08,609 p=42051 u=hstoykova n=ansible | skipping: [core_primary]
2023-06-28 23:49:08,626 p=42051 u=hstoykova n=ansible | skipping: [core_secondary]
2023-06-28 23:49:08,631 p=42051 u=hstoykova n=ansible | skipping: [edge_primary]
2023-06-28 23:49:08,646 p=42051 u=hstoykova n=ansible | skipping: [edge_secondary]
2023-06-28 23:49:12,891 p=42051 u=hstoykova n=ansible | ok: [nfs_storage]
2023-06-28 23:49:12,903 p=42051 u=hstoykova n=ansible | TASK [NFS reload name=nfs-server, state=reloaded] *****************************************************************************************************
2023-06-28 23:49:12,903 p=42051 u=hstoykova n=ansible | Wednesday 28 June 2023  23:49:12 -0700 (0:00:04.383)       0:01:03.880 ******** 
2023-06-28 23:49:12,903 p=42051 u=hstoykova n=ansible | Wednesday 28 June 2023  23:49:12 -0700 (0:00:04.383)       0:01:03.880 ******** 
2023-06-28 23:49:12,947 p=42051 u=hstoykova n=ansible | skipping: [postgres_db]
2023-06-28 23:49:12,992 p=42051 u=hstoykova n=ansible | skipping: [core_primary]
2023-06-28 23:49:13,015 p=42051 u=hstoykova n=ansible | skipping: [core_secondary]
2023-06-28 23:49:13,019 p=42051 u=hstoykova n=ansible | skipping: [edge_primary]
2023-06-28 23:49:13,035 p=42051 u=hstoykova n=ansible | skipping: [edge_secondary]
2023-06-28 23:49:17,432 p=42051 u=hstoykova n=ansible | changed: [nfs_storage]
2023-06-28 23:49:17,445 p=42051 u=hstoykova n=ansible | TASK [NFS apply change configure _raw_params=exportfs -rav] *******************************************************************************************
2023-06-28 23:49:17,445 p=42051 u=hstoykova n=ansible | Wednesday 28 June 2023  23:49:17 -0700 (0:00:04.541)       0:01:08.422 ******** 
2023-06-28 23:49:17,445 p=42051 u=hstoykova n=ansible | Wednesday 28 June 2023  23:49:17 -0700 (0:00:04.541)       0:01:08.421 ******** 
2023-06-28 23:49:17,490 p=42051 u=hstoykova n=ansible | skipping: [postgres_db]
2023-06-28 23:49:17,532 p=42051 u=hstoykova n=ansible | skipping: [core_primary]
2023-06-28 23:49:17,554 p=42051 u=hstoykova n=ansible | skipping: [core_secondary]
2023-06-28 23:49:17,559 p=42051 u=hstoykova n=ansible | skipping: [edge_primary]
2023-06-28 23:49:17,575 p=42051 u=hstoykova n=ansible | skipping: [edge_secondary]
2023-06-28 23:49:21,735 p=42051 u=hstoykova n=ansible | ok: [nfs_storage]
2023-06-28 23:49:21,966 p=42051 u=hstoykova n=ansible | PLAY [Build the Postgres database] ********************************************************************************************************************
2023-06-28 23:49:21,978 p=42051 u=hstoykova n=ansible | TASK [Gathering Facts ] *******************************************************************************************************************************
2023-06-28 23:49:21,978 p=42051 u=hstoykova n=ansible | Wednesday 28 June 2023  23:49:21 -0700 (0:00:04.532)       0:01:12.954 ******** 
2023-06-28 23:49:21,978 p=42051 u=hstoykova n=ansible | Wednesday 28 June 2023  23:49:21 -0700 (0:00:04.532)       0:01:12.954 ******** 
2023-06-28 23:49:26,993 p=42051 u=hstoykova n=ansible | ok: [postgres_db]
2023-06-28 23:49:27,020 p=42051 u=hstoykova n=ansible | TASK [postgres-config : Add PostgreSQL repo name=https://download.postgresql.org/pub/repos/yum/reporpms/EL-8-x86_64/pgdg-redhat-repo-latest.noarch.rpm, state=present, disable_gpg_check=True] ***
2023-06-28 23:49:27,020 p=42051 u=hstoykova n=ansible | Wednesday 28 June 2023  23:49:27 -0700 (0:00:05.042)       0:01:17.997 ******** 
2023-06-28 23:49:27,020 p=42051 u=hstoykova n=ansible | Wednesday 28 June 2023  23:49:27 -0700 (0:00:05.042)       0:01:17.996 ******** 
2023-06-28 23:49:36,594 p=42051 u=hstoykova n=ansible | ok: [postgres_db]
2023-06-28 23:49:36,605 p=42051 u=hstoykova n=ansible | TASK [postgres-config : Install PostgreSQL name=['postgresql14', 'postgresql14-server', 'python3-psycopg2'], disablerepo=local-apptream-rpm, state=present] ***
2023-06-28 23:49:36,605 p=42051 u=hstoykova n=ansible | Wednesday 28 June 2023  23:49:36 -0700 (0:00:09.585)       0:01:27.582 ******** 
2023-06-28 23:49:36,605 p=42051 u=hstoykova n=ansible | Wednesday 28 June 2023  23:49:36 -0700 (0:00:09.585)       0:01:27.581 ******** 
2023-06-28 23:49:42,484 p=42051 u=hstoykova n=ansible | ok: [postgres_db]
2023-06-28 23:49:42,495 p=42051 u=hstoykova n=ansible | TASK [postgres-config : Find out if PostgreSQL is initialized path=/var/lib/pgsql/14/data/pg_hba.conf] ************************************************
2023-06-28 23:49:42,495 p=42051 u=hstoykova n=ansible | Wednesday 28 June 2023  23:49:42 -0700 (0:00:05.889)       0:01:33.472 ******** 
2023-06-28 23:49:42,495 p=42051 u=hstoykova n=ansible | Wednesday 28 June 2023  23:49:42 -0700 (0:00:05.889)       0:01:33.471 ******** 
2023-06-28 23:49:46,749 p=42051 u=hstoykova n=ansible | ok: [postgres_db]
2023-06-28 23:49:46,760 p=42051 u=hstoykova n=ansible | TASK [postgres-config : Initialize PostgreSQL _raw_params=/usr/pgsql-14/bin/postgresql-14-setup initdb] ***********************************************
2023-06-28 23:49:46,760 p=42051 u=hstoykova n=ansible | Wednesday 28 June 2023  23:49:46 -0700 (0:00:04.265)       0:01:37.737 ******** 
2023-06-28 23:49:46,760 p=42051 u=hstoykova n=ansible | Wednesday 28 June 2023  23:49:46 -0700 (0:00:04.265)       0:01:37.736 ******** 
2023-06-28 23:49:46,785 p=42051 u=hstoykova n=ansible | skipping: [postgres_db]
2023-06-28 23:49:46,795 p=42051 u=hstoykova n=ansible | TASK [postgres-config : Wait until database is initialized before continuing path=/var/lib/pgsql/14/data/pg_hba.conf] *********************************
2023-06-28 23:49:46,795 p=42051 u=hstoykova n=ansible | Wednesday 28 June 2023  23:49:46 -0700 (0:00:00.034)       0:01:37.772 ******** 
2023-06-28 23:49:46,795 p=42051 u=hstoykova n=ansible | Wednesday 28 June 2023  23:49:46 -0700 (0:00:00.034)       0:01:37.771 ******** 
2023-06-28 23:49:51,150 p=42051 u=hstoykova n=ansible | ok: [postgres_db]
2023-06-28 23:49:51,160 p=42051 u=hstoykova n=ansible | TASK [postgres-config : Start and enable DB services name={{ item }}, state=started, enabled=True] ****************************************************
2023-06-28 23:49:51,160 p=42051 u=hstoykova n=ansible | Wednesday 28 June 2023  23:49:51 -0700 (0:00:04.365)       0:01:42.137 ******** 
2023-06-28 23:49:51,160 p=42051 u=hstoykova n=ansible | Wednesday 28 June 2023  23:49:51 -0700 (0:00:04.365)       0:01:42.136 ******** 
2023-06-28 23:49:55,810 p=42051 u=hstoykova n=ansible | ok: [postgres_db] => (item=postgresql-14)
2023-06-28 23:49:55,824 p=42051 u=hstoykova n=ansible | TASK [postgres-config : Create db user state=present, name={{ DB_USER }}, password={{ DB_USER_PASSWORD }}, role_attr_flags=LOGIN,NOSUPERUSER,NOCREATEDB,NOCREATEROLE,INHERIT,NOREPLICATION, conn_limit=-1] ***
2023-06-28 23:49:55,824 p=42051 u=hstoykova n=ansible | Wednesday 28 June 2023  23:49:55 -0700 (0:00:04.663)       0:01:46.800 ******** 
2023-06-28 23:49:55,824 p=42051 u=hstoykova n=ansible | Wednesday 28 June 2023  23:49:55 -0700 (0:00:04.663)       0:01:46.800 ******** 
2023-06-28 23:50:00,353 p=42051 u=hstoykova n=ansible | [WARNING]: Unable to use /var/lib/pgsql/.ansible/tmp as temporary directory, failing back to system: [Errno 13] Permission denied:
'/var/lib/pgsql/.ansible'

2023-06-28 23:50:00,353 p=42051 u=hstoykova n=ansible | ok: [postgres_db]
2023-06-28 23:50:00,363 p=42051 u=hstoykova n=ansible | TASK [postgres-config : Allow md5 connection for the db user dest=/var/lib/pgsql/14/data/pg_hba.conf, contype=host, address=all, databases=all, method=md5, users={{ DB_USER }}, create=True] ***
2023-06-28 23:50:00,363 p=42051 u=hstoykova n=ansible | Wednesday 28 June 2023  23:50:00 -0700 (0:00:04.539)       0:01:51.340 ******** 
2023-06-28 23:50:00,363 p=42051 u=hstoykova n=ansible | Wednesday 28 June 2023  23:50:00 -0700 (0:00:04.539)       0:01:51.340 ******** 
2023-06-28 23:50:05,036 p=42051 u=hstoykova n=ansible | ok: [postgres_db]
2023-06-28 23:50:05,047 p=42051 u=hstoykova n=ansible | TASK [postgres-config : Create ST database state=present, name={{ DB_NAME }}, conn_limit=-1, owner={{ DB_USER }}, encoding=UTF-8] *********************
2023-06-28 23:50:05,047 p=42051 u=hstoykova n=ansible | Wednesday 28 June 2023  23:50:05 -0700 (0:00:04.684)       0:01:56.024 ******** 
2023-06-28 23:50:05,048 p=42051 u=hstoykova n=ansible | Wednesday 28 June 2023  23:50:05 -0700 (0:00:04.684)       0:01:56.024 ******** 
2023-06-28 23:50:09,634 p=42051 u=hstoykova n=ansible | ok: [postgres_db]
2023-06-28 23:50:09,645 p=42051 u=hstoykova n=ansible | TASK [postgres-config : Grant db user access to ST db type=database, database={{ DB_NAME }}, roles={{ DB_USER }}, grant_option=True, privs=all] *******
2023-06-28 23:50:09,645 p=42051 u=hstoykova n=ansible | Wednesday 28 June 2023  23:50:09 -0700 (0:00:04.597)       0:02:00.622 ******** 
2023-06-28 23:50:09,645 p=42051 u=hstoykova n=ansible | Wednesday 28 June 2023  23:50:09 -0700 (0:00:04.597)       0:02:00.621 ******** 
2023-06-28 23:50:14,185 p=42051 u=hstoykova n=ansible | ok: [postgres_db]
2023-06-28 23:50:14,195 p=42051 u=hstoykova n=ansible | TASK [postgres-config : Create Folders for tablespaces path={{ item }}, owner=postgres, group=postgres, mode=0777, state=directory] *******************
2023-06-28 23:50:14,196 p=42051 u=hstoykova n=ansible | Wednesday 28 June 2023  23:50:14 -0700 (0:00:04.550)       0:02:05.172 ******** 
2023-06-28 23:50:14,196 p=42051 u=hstoykova n=ansible | Wednesday 28 June 2023  23:50:14 -0700 (0:00:04.550)       0:02:05.172 ******** 
2023-06-28 23:50:18,440 p=42051 u=hstoykova n=ansible | changed: [postgres_db] => (item=/var/lib/pgsql/14/data/pg_tblspc/st_data)
2023-06-28 23:50:22,706 p=42051 u=hstoykova n=ansible | changed: [postgres_db] => (item=/var/lib/pgsql/14/data/pg_tblspc/st_filetracking)
2023-06-28 23:50:26,896 p=42051 u=hstoykova n=ansible | changed: [postgres_db] => (item=/var/lib/pgsql/14/data/pg_tblspc/st_serverlog)
2023-06-28 23:50:26,911 p=42051 u=hstoykova n=ansible | TASK [postgres-config : Create a new tablespace called st_data name=st_data, owner=postgres, location={{ ST_DATA }}, state=present] *******************
2023-06-28 23:50:26,911 p=42051 u=hstoykova n=ansible | Wednesday 28 June 2023  23:50:26 -0700 (0:00:12.715)       0:02:17.888 ******** 
2023-06-28 23:50:26,911 p=42051 u=hstoykova n=ansible | Wednesday 28 June 2023  23:50:26 -0700 (0:00:12.715)       0:02:17.887 ******** 
2023-06-28 23:50:31,394 p=42051 u=hstoykova n=ansible | ok: [postgres_db]
2023-06-28 23:50:31,405 p=42051 u=hstoykova n=ansible | TASK [postgres-config : Create a new tablespace called st_serverlog name=st_serverlog, owner=postgres, location={{ ST_SERVERLOG }}, state=present] ****
2023-06-28 23:50:31,405 p=42051 u=hstoykova n=ansible | Wednesday 28 June 2023  23:50:31 -0700 (0:00:04.493)       0:02:22.382 ******** 
2023-06-28 23:50:31,405 p=42051 u=hstoykova n=ansible | Wednesday 28 June 2023  23:50:31 -0700 (0:00:04.493)       0:02:22.381 ******** 
2023-06-28 23:50:35,809 p=42051 u=hstoykova n=ansible | ok: [postgres_db]
2023-06-28 23:50:35,818 p=42051 u=hstoykova n=ansible | TASK [postgres-config : Create a new tablespace called st_filetracking name=st_filetracking, owner=postgres, location={{ ST_FILETRACKING }}, state=present] ***
2023-06-28 23:50:35,819 p=42051 u=hstoykova n=ansible | Wednesday 28 June 2023  23:50:35 -0700 (0:00:04.413)       0:02:26.795 ******** 
2023-06-28 23:50:35,819 p=42051 u=hstoykova n=ansible | Wednesday 28 June 2023  23:50:35 -0700 (0:00:04.413)       0:02:26.795 ******** 
2023-06-28 23:50:40,187 p=42051 u=hstoykova n=ansible | ok: [postgres_db]
2023-06-28 23:50:40,197 p=42051 u=hstoykova n=ansible | TASK [postgres-config : We want postgres to listen on the public IP path=/var/lib/pgsql/14/data/postgresql.conf, regexp=listen_addresses =, line=listen_addresses = '*', state=present] ***
2023-06-28 23:50:40,197 p=42051 u=hstoykova n=ansible | Wednesday 28 June 2023  23:50:40 -0700 (0:00:04.378)       0:02:31.174 ******** 
2023-06-28 23:50:40,197 p=42051 u=hstoykova n=ansible | Wednesday 28 June 2023  23:50:40 -0700 (0:00:04.378)       0:02:31.173 ******** 
2023-06-28 23:50:44,436 p=42051 u=hstoykova n=ansible | ok: [postgres_db]
2023-06-28 23:50:44,447 p=42051 u=hstoykova n=ansible | TASK [postgres-config : Grant privs to the ST user on the tablespaces database={{ DB_NAME }}, state=present, privs=CREATE, type=tablespace, objs=st_data,st_filetracking,st_serverlog, roles={{ DB_USER }}, grant_option=True] ***
2023-06-28 23:50:44,447 p=42051 u=hstoykova n=ansible | Wednesday 28 June 2023  23:50:44 -0700 (0:00:04.249)       0:02:35.423 ******** 
2023-06-28 23:50:44,447 p=42051 u=hstoykova n=ansible | Wednesday 28 June 2023  23:50:44 -0700 (0:00:04.249)       0:02:35.423 ******** 
2023-06-28 23:50:48,786 p=42051 u=hstoykova n=ansible | ok: [postgres_db]
2023-06-28 23:50:48,797 p=42051 u=hstoykova n=ansible | TASK [postgres-config : Update PostgreSQL config src=postgresql.conf.j2, dest=/var/lib/pgsql/14/data/postgresql.conf, mode=0750] **********************
2023-06-28 23:50:48,797 p=42051 u=hstoykova n=ansible | Wednesday 28 June 2023  23:50:48 -0700 (0:00:04.350)       0:02:39.774 ******** 
2023-06-28 23:50:48,797 p=42051 u=hstoykova n=ansible | Wednesday 28 June 2023  23:50:48 -0700 (0:00:04.350)       0:02:39.773 ******** 
